mode: set
github.com/Ulbora/BTCPayClient/btcPayClient.go:27.70,45.2 12 1
github.com/Ulbora/BTCPayClient/btcPayClient.go:48.54,50.2 1 1
github.com/Ulbora/BTCPayClient/btcPayClient.go:53.48,55.2 1 1
github.com/Ulbora/BTCPayClient/btcPayClient.go:58.47,60.2 1 1
github.com/Ulbora/BTCPayClient/btcPayClient.go:62.109,67.59 4 1
github.com/Ulbora/BTCPayClient/btcPayClient.go:73.2,74.16 2 1
github.com/Ulbora/BTCPayClient/btcPayClient.go:80.2,80.12 1 1
github.com/Ulbora/BTCPayClient/btcPayClient.go:67.59,70.3 2 1
github.com/Ulbora/BTCPayClient/btcPayClient.go:70.8,72.3 1 0
github.com/Ulbora/BTCPayClient/btcPayClient.go:74.16,75.37 1 1
github.com/Ulbora/BTCPayClient/btcPayClient.go:75.37,78.4 2 1
github.com/Ulbora/BTCPayClient/btcPayClient.go:84.45,86.2 1 1
github.com/Ulbora/BTCPayClient/client.go:19.49,22.22 1 1
github.com/Ulbora/BTCPayClient/client.go:25.2,25.24 1 1
github.com/Ulbora/BTCPayClient/client.go:22.22,24.3 1 1
github.com/Ulbora/BTCPayClient/crypto.go:34.37,36.2 1 1
github.com/Ulbora/BTCPayClient/crypto.go:39.77,43.2 2 1
github.com/Ulbora/BTCPayClient/crypto.go:46.92,53.2 5 1
github.com/Ulbora/BTCPayClient/crypto.go:56.67,74.2 14 1
github.com/Ulbora/BTCPayClient/crypto.go:77.80,82.2 3 1
github.com/Ulbora/BTCPayClient/crypto.go:84.44,93.2 6 1
github.com/Ulbora/BTCPayClient/crypto.go:95.52,98.16 3 1
github.com/Ulbora/BTCPayClient/crypto.go:101.2,102.41 2 1
github.com/Ulbora/BTCPayClient/crypto.go:98.16,100.3 1 1
github.com/Ulbora/BTCPayClient/crypto.go:105.29,107.2 1 1
github.com/Ulbora/BTCPayClient/crypto.go:109.47,116.2 6 1
github.com/Ulbora/BTCPayClient/crypto.go:118.54,119.42 1 1
github.com/Ulbora/BTCPayClient/crypto.go:122.2,122.28 1 1
github.com/Ulbora/BTCPayClient/crypto.go:119.42,121.3 1 1
github.com/Ulbora/BTCPayClient/pairClient.go:12.64,18.16 5 1
github.com/Ulbora/BTCPayClient/pairClient.go:29.2,30.13 2 1
github.com/Ulbora/BTCPayClient/pairClient.go:18.16,25.36 7 1
github.com/Ulbora/BTCPayClient/pairClient.go:25.36,27.4 1 1
github.com/Ulbora/BTCPayClient/pairClient.go:35.63,43.2 6 1
