mode: set
github.com/Ulbora/BTCPayClient/client.go:19.49,22.22 3 0
github.com/Ulbora/BTCPayClient/client.go:25.2,25.24 1 0
github.com/Ulbora/BTCPayClient/client.go:22.22,24.3 1 0
github.com/Ulbora/BTCPayClient/crypto.go:31.37,33.2 1 1
github.com/Ulbora/BTCPayClient/crypto.go:35.77,39.2 2 1
github.com/Ulbora/BTCPayClient/crypto.go:41.92,48.2 5 1
github.com/Ulbora/BTCPayClient/crypto.go:50.67,68.2 14 1
github.com/Ulbora/BTCPayClient/crypto.go:70.80,75.2 3 1
github.com/Ulbora/BTCPayClient/crypto.go:77.44,86.2 6 1
github.com/Ulbora/BTCPayClient/crypto.go:88.52,91.16 3 1
github.com/Ulbora/BTCPayClient/crypto.go:94.2,95.41 2 1
github.com/Ulbora/BTCPayClient/crypto.go:91.16,93.3 1 1
github.com/Ulbora/BTCPayClient/crypto.go:98.29,100.2 1 1
github.com/Ulbora/BTCPayClient/crypto.go:102.47,109.2 6 1
github.com/Ulbora/BTCPayClient/crypto.go:111.54,112.42 1 1
github.com/Ulbora/BTCPayClient/crypto.go:115.2,115.28 1 1
github.com/Ulbora/BTCPayClient/crypto.go:112.42,114.3 1 1
